<?xml version="1.0" encoding="UTF-8"?>
<testng-results skipped="0" failed="0" ignored="0" total="1" passed="1">
  <reporter-output>
  </reporter-output>
  <suite name="Default suite" duration-ms="9635" started-at="2018-11-22T10:45:31Z" finished-at="2018-11-22T10:45:41Z">
    <groups>
    </groups>
    <test name="Default test" duration-ms="9635" started-at="2018-11-22T10:45:31Z" finished-at="2018-11-22T10:45:41Z">
      <class name="Railway.LoginTest">
        <test-method status="PASS" signature="beforeMethod()[pri:0, instance:Railway.LoginTest@5e671e20]" name="beforeMethod" is-config="true" duration-ms="6851" started-at="2018-11-22T10:45:32Z" finished-at="2018-11-22T10:45:38Z">
          <reporter-output>
          </reporter-output>
        </test-method> <!-- beforeMethod -->
        <test-method status="PASS" signature="TC06()[pri:0, instance:Railway.LoginTest@5e671e20]" name="TC06" duration-ms="1984" started-at="2018-11-22T10:45:38Z" description="Additional pages display once user logged in" finished-at="2018-11-22T10:45:40Z">
          <reporter-output>
          </reporter-output>
        </test-method> <!-- TC06 -->
        <test-method status="PASS" signature="afterMethod()[pri:0, instance:Railway.LoginTest@5e671e20]" name="afterMethod" is-config="true" duration-ms="688" started-at="2018-11-22T10:45:40Z" finished-at="2018-11-22T10:45:41Z">
          <reporter-output>
          </reporter-output>
        </test-method> <!-- afterMethod -->
      </class> <!-- Railway.LoginTest -->
    </test> <!-- Default test -->
  </suite> <!-- Default suite -->
</testng-results>
